Copyright 1986-2016 Xilinx, Inc. All Rights Reserved.
-------------------------------------------------------------------------------------------------------------------------------
| Tool Version     : Vivado v.2016.3 (win64) Build 1682563 Mon Oct 10 19:07:27 MDT 2016
| Date             : Wed Mar 15 19:49:12 2017
| Host             : HAO-THUNDER running 64-bit major release  (build 9200)
| Command          : report_power -file top_power_routed.rpt -pb top_power_summary_routed.pb -rpx top_power_routed.rpx
| Design           : top
| Device           : xc7k160tlfbv676-2L
| Design State     : routed
| Grade            : extended
| Process          : typical
| Characterization : Production
-------------------------------------------------------------------------------------------------------------------------------

Power Report

Table of Contents
-----------------
1. Summary
1.1 On-Chip Components
1.2 Power Supply Summary
1.3 Confidence Level
2. Settings
2.1 Environment
2.2 Clock Constraints
3. Detailed Reports
3.1 By Hierarchy

1. Summary
----------

+--------------------------+--------+
| Total On-Chip Power (W)  | 10.854 |
| Dynamic (W)              | 10.707 |
| Device Static (W)        | 0.147  |
| Effective TJA (C/W)      | 1.9    |
| Max Ambient (C)          | 79.6   |
| Junction Temperature (C) | 45.4   |
| Confidence Level         | Low    |
| Setting File             | ---    |
| Simulation Activity File | ---    |
| Design Nets Matched      | NA     |
+--------------------------+--------+


1.1 On-Chip Components
----------------------

+----------------+-----------+----------+-----------+-----------------+
| On-Chip        | Power (W) | Used     | Available | Utilization (%) |
+----------------+-----------+----------+-----------+-----------------+
| Slice Logic    |     1.470 |     1197 |       --- |             --- |
|   LUT as Logic |     1.243 |      729 |    101400 |            0.72 |
|   CARRY4       |     0.077 |       44 |     25350 |            0.17 |
|   BUFG         |     0.075 |        5 |        32 |           15.63 |
|   Register     |     0.065 |      277 |    202800 |            0.14 |
|   F7/F8 Muxes  |     0.011 |       41 |    101400 |            0.04 |
|   Others       |     0.000 |       73 |       --- |             --- |
| Signals        |     1.347 |      913 |       --- |             --- |
| Block RAM      |     0.099 |        1 |       325 |            0.31 |
| I/O            |     7.791 |       39 |       400 |            9.75 |
| Static Power   |     0.147 |          |           |                 |
| Total          |    10.854 |          |           |                 |
+----------------+-----------+----------+-----------+-----------------+


1.2 Power Supply Summary
------------------------

+-----------+-------------+-----------+-------------+------------+
| Source    | Voltage (V) | Total (A) | Dynamic (A) | Static (A) |
+-----------+-------------+-----------+-------------+------------+
| Vccint    |       0.900 |     3.392 |       3.319 |      0.073 |
| Vccaux    |       1.800 |     0.301 |       0.281 |      0.021 |
| Vcco33    |       3.300 |     2.171 |       2.170 |      0.001 |
| Vcco25    |       2.500 |     0.000 |       0.000 |      0.000 |
| Vcco18    |       1.800 |     0.011 |       0.010 |      0.001 |
| Vcco15    |       1.500 |     0.020 |       0.019 |      0.001 |
| Vcco135   |       1.350 |     0.000 |       0.000 |      0.000 |
| Vcco12    |       1.200 |     0.000 |       0.000 |      0.000 |
| Vccaux_io |       1.800 |     0.000 |       0.000 |      0.000 |
| Vccbram   |       0.900 |     0.012 |       0.010 |      0.002 |
| MGTAVcc   |       1.000 |     0.000 |       0.000 |      0.000 |
| MGTAVtt   |       1.200 |     0.000 |       0.000 |      0.000 |
| MGTVccaux |       1.800 |     0.000 |       0.000 |      0.000 |
| Vccadc    |       1.800 |     0.020 |       0.000 |      0.020 |
+-----------+-------------+-----------+-------------+------------+


1.3 Confidence Level
--------------------

+-----------------------------+------------+--------------------------------------------------------+--------------------------------------------------------------------------------------------------------------------+
| User Input Data             | Confidence | Details                                                | Action                                                                                                             |
+-----------------------------+------------+--------------------------------------------------------+--------------------------------------------------------------------------------------------------------------------+
| Design implementation state | High       | Design is routed                                       |                                                                                                                    |
| Clock nodes activity        | Low        | User specified less than 75% of clocks                 | Provide missing clock activity with a constraint file, simulation results or by editing the "By Clock Domain" view |
| I/O nodes activity          | Low        | More than 75% of inputs are missing user specification | Provide missing input activity with simulation results or by editing the "By Resource Type -> I/Os" view           |
| Internal nodes activity     | Medium     | User specified less than 25% of internal nodes         | Provide missing internal nodes activity with simulation results or by editing the "By Resource Type" views         |
| Device models               | High       | Device models are Production                           |                                                                                                                    |
|                             |            |                                                        |                                                                                                                    |
| Overall confidence level    | Low        |                                                        |                                                                                                                    |
+-----------------------------+------------+--------------------------------------------------------+--------------------------------------------------------------------------------------------------------------------+


2. Settings
-----------

2.1 Environment
---------------

+-----------------------+--------------------------+
| Ambient Temp (C)      | 25.0                     |
| ThetaJA (C/W)         | 1.9                      |
| Airflow (LFM)         | 250                      |
| Heat Sink             | medium (Medium Profile)  |
| ThetaSA (C/W)         | 3.4                      |
| Board Selection       | medium (10"x10")         |
| # of Board Layers     | 12to15 (12 to 15 Layers) |
| Board Temperature (C) | 25.0                     |
+-----------------------+--------------------------+


2.2 Clock Constraints
---------------------

+-------+--------+-----------------+
| Clock | Domain | Constraint (ns) |
+-------+--------+-----------------+


3. Detailed Reports
-------------------

3.1 By Hierarchy
----------------

+----------------------------------------------+-----------+
| Name                                         | Power (W) |
+----------------------------------------------+-----------+
| top                                          |    10.707 |
|   M4                                         |     0.001 |
|   U1                                         |     0.297 |
|   U10                                        |     0.000 |
|   U3                                         |     0.099 |
|     U0                                       |     0.099 |
|       inst_blk_mem_gen                       |     0.099 |
|         gnbram.gnativebmg.native_blk_mem_gen |     0.099 |
|           valid.cstr                         |     0.099 |
|             ramloop[0].ram.r                 |     0.099 |
|               prim_noinit.ram                |     0.099 |
|   U4                                         |     0.000 |
|   U5                                         |     0.318 |
|   U6                                         |     1.228 |
|   U7                                         |     0.141 |
|   U8                                         |     0.236 |
|   U9                                         |     0.326 |
+----------------------------------------------+-----------+


